<?xml version="1.0" encoding="UTF-8"?>
<testsuite xmlns:xsi="http://www.w3.org/2001/XMLSchema-instance" xsi:noNamespaceSchemaLocation="https://maven.apache.org/surefire/maven-surefire-plugin/xsd/surefire-test-report-3.0.xsd" version="3.0" name="org.acme.camel.IntegracaoTransportadoraDoisTest" time="0.015" tests="1" errors="1" skipped="0" failures="0">
  <properties>
[...]
</properties>
  <testcase name="shouldSendToCorrectIntegration" classname="org.acme.camel.IntegracaoTransportadoraDoisTest" time="0.011">
    <error type="org.apache.camel.RuntimeCamelException"><![CDATA[org.apache.camel.RuntimeCamelException: java.lang.RuntimeException: Error initializing CamelContext
Caused by: java.lang.RuntimeException: Error initializing CamelContext
Caused by: org.apache.camel.RuntimeCamelException: java.lang.ClassNotFoundException: org.apache.camel.component.http.HttpConvertersLoader
Caused by: java.lang.ClassNotFoundException: org.apache.camel.component.http.HttpConvertersLoader
]]></error>
  </testcase>
</testsuite>